<?xml version="1.0" encoding="UTF-8"?>
<!-- Generated by org.testng.reporters.JUnitReportReporter -->
<testsuite hostname="DESKTOP-68BCR7S" failures="0" tests="2" name="com.sgtesting.actitime.testsuite.DriverScript" time="92.572" errors="0" timestamp="2024-01-15T18:54:15 IST" skipped="0">
  <testcase classname="com.sgtesting.actitime.testsuite.DriverScript" name="feature" time="27.473"/>
  <system-out/>
  <testcase classname="com.sgtesting.actitime.testsuite.DriverScript" name="feature" time="65.099"/>
  <system-out/>
</testsuite> <!-- com.sgtesting.actitime.testsuite.DriverScript -->
